<?xml version="1.0" encoding="UTF-8"?>
<testsuite name="UserRepositoryInMemoryTest" tests="1" skipped="0" failures="0" errors="0" timestamp="2020-09-03T15:26:33" hostname="WDX5CG01992M0" time="0.02">
  <properties/>
  <testcase name="userRepository updates user" classname="UserRepositoryInMemoryTest" time="0.02"/>
  <system-out><![CDATA[]]></system-out>
  <system-err><![CDATA[]]></system-err>
</testsuite>
